<?xml version="1.0" encoding="UTF-8"?>
<testsuite xmlns:xsi="http://www.w3.org/2001/XMLSchema-instance" xsi:noNamespaceSchemaLocation="https://maven.apache.org/surefire/maven-surefire-plugin/xsd/surefire-test-report-3.0.xsd" version="3.0" name="br.edu.ifba.inf008.plugins.users.infrastructure.services.UserServiceTest" time="0.095" tests="5" errors="0" skipped="0" failures="0">
  <properties>
[...]
</properties>
  <testcase name="createUser_Success" classname="br.edu.ifba.inf008.plugins.users.infrastructure.services.UserServiceTest" time="0.027">
    <system-out><![CDATA[Hibernate: 
    drop table if exists users cascade 
Hibernate: 
    create table users (
        deactivated_at TIMESTAMP DEFAULT NULL,
        registered_at TIMESTAMP DEFAULT CURRENT_TIMESTAMP,
        user_id bigint generated by default as identity,
        email varchar(255) not null unique,
        name varchar(255) not null,
        primary key (user_id)
    )
Hibernate: 
    select
        u1_0.user_id,
        u1_0.deactivated_at,
        u1_0.email,
        u1_0.name,
        u1_0.registered_at 
    from
        users u1_0 
    where
        u1_0.email=?
Hibernate: 
    insert 
    into
        users
        (deactivated_at, email, name, registered_at, user_id) 
    values
        (?, ?, ?, ?, default)
]]></system-out>
    <system-err><![CDATA[jul. 28, 2025 11:01:58 PM org.hibernate.cache.internal.RegionFactoryInitiator initiateService
INFO: HHH000026: Second-level cache disabled
jul. 28, 2025 11:01:58 PM org.hibernate.engine.jdbc.connections.internal.DriverManagerConnectionProviderImpl configure
WARN: HHH10001002: Using built-in connection pool (not intended for production use)
jul. 28, 2025 11:01:58 PM org.hibernate.engine.jdbc.connections.internal.DriverManagerConnectionProviderImpl buildCreator
INFO: HHH10001005: Loaded JDBC driver class: org.h2.Driver
jul. 28, 2025 11:01:58 PM org.hibernate.engine.jdbc.connections.internal.DriverManagerConnectionProviderImpl buildCreator
INFO: HHH10001012: Connecting with JDBC URL [jdbc:h2:mem:testdb;DB_CLOSE_DELAY=-1]
jul. 28, 2025 11:01:58 PM org.hibernate.engine.jdbc.connections.internal.DriverManagerConnectionProviderImpl buildCreator
INFO: HHH10001001: Connection properties: {user=sa, password=****}
jul. 28, 2025 11:01:58 PM org.hibernate.engine.jdbc.connections.internal.DriverManagerConnectionProviderImpl buildCreator
INFO: HHH10001003: Autocommit mode: false
jul. 28, 2025 11:01:58 PM org.hibernate.engine.jdbc.connections.internal.DriverManagerConnectionProviderImpl$PooledConnections <init>
INFO: HHH10001115: Connection pool size: 20 (min=1)
jul. 28, 2025 11:01:58 PM org.hibernate.engine.jdbc.dialect.internal.DialectFactoryImpl constructDialect
WARN: HHH90000025: H2Dialect does not need to be specified explicitly using 'hibernate.dialect' (remove the property setting and it will be selected by default)
jul. 28, 2025 11:01:58 PM org.hibernate.resource.transaction.backend.jdbc.internal.DdlTransactionIsolatorNonJtaImpl getIsolatedConnection
INFO: HHH10001501: Connection obtained from JdbcConnectionAccess [org.hibernate.engine.jdbc.env.internal.JdbcEnvironmentInitiator$ConnectionProviderJdbcConnectionAccess@253b1cbd] for (non-JTA) DDL execution was not in auto-commit mode; the Connection 'local transaction' will be committed and the Connection will be set into auto-commit mode.
jul. 28, 2025 11:01:58 PM org.hibernate.resource.transaction.backend.jdbc.internal.DdlTransactionIsolatorNonJtaImpl getIsolatedConnection
INFO: HHH10001501: Connection obtained from JdbcConnectionAccess [org.hibernate.engine.jdbc.env.internal.JdbcEnvironmentInitiator$ConnectionProviderJdbcConnectionAccess@a859c5] for (non-JTA) DDL execution was not in auto-commit mode; the Connection 'local transaction' will be committed and the Connection will be set into auto-commit mode.
]]></system-err>
  </testcase>
  <testcase name="editUser_ThrowsWhenEmailConflict" classname="br.edu.ifba.inf008.plugins.users.infrastructure.services.UserServiceTest" time="0.008">
    <system-out><![CDATA[Hibernate: 
    select
        u1_0.user_id,
        u1_0.deactivated_at,
        u1_0.email,
        u1_0.name,
        u1_0.registered_at 
    from
        users u1_0 
    where
        u1_0.email=?
Hibernate: 
    insert 
    into
        users
        (deactivated_at, email, name, registered_at, user_id) 
    values
        (?, ?, ?, ?, default)
Hibernate: 
    select
        u1_0.user_id,
        u1_0.deactivated_at,
        u1_0.email,
        u1_0.name,
        u1_0.registered_at 
    from
        users u1_0 
    where
        u1_0.email=?
Hibernate: 
    insert 
    into
        users
        (deactivated_at, email, name, registered_at, user_id) 
    values
        (?, ?, ?, ?, default)
Hibernate: 
    select
        u1_0.user_id,
        u1_0.deactivated_at,
        u1_0.email,
        u1_0.name,
        u1_0.registered_at 
    from
        users u1_0 
    where
        u1_0.user_id=?
Hibernate: 
    select
        u1_0.user_id,
        u1_0.deactivated_at,
        u1_0.email,
        u1_0.name,
        u1_0.registered_at 
    from
        users u1_0 
    where
        u1_0.email=?
]]></system-out>
  </testcase>
  <testcase name="deleteUser_Success" classname="br.edu.ifba.inf008.plugins.users.infrastructure.services.UserServiceTest" time="0.009">
    <system-out><![CDATA[Hibernate: 
    select
        u1_0.user_id,
        u1_0.deactivated_at,
        u1_0.email,
        u1_0.name,
        u1_0.registered_at 
    from
        users u1_0 
    where
        u1_0.email=?
Hibernate: 
    insert 
    into
        users
        (deactivated_at, email, name, registered_at, user_id) 
    values
        (?, ?, ?, ?, default)
Hibernate: 
    select
        u1_0.user_id,
        u1_0.deactivated_at,
        u1_0.email,
        u1_0.name,
        u1_0.registered_at 
    from
        users u1_0 
    where
        u1_0.user_id=?
Hibernate: 
    select
        u1_0.user_id,
        u1_0.deactivated_at,
        u1_0.email,
        u1_0.name,
        u1_0.registered_at 
    from
        users u1_0 
    where
        u1_0.user_id=?
Hibernate: 
    update
        users 
    set
        deactivated_at=?,
        email=?,
        name=?,
        registered_at=? 
    where
        user_id=?
Hibernate: 
    select
        u1_0.user_id,
        u1_0.deactivated_at,
        u1_0.email,
        u1_0.name,
        u1_0.registered_at 
    from
        users u1_0 
    where
        u1_0.user_id=?
]]></system-out>
  </testcase>
  <testcase name="editUser_Success" classname="br.edu.ifba.inf008.plugins.users.infrastructure.services.UserServiceTest" time="0.004">
    <system-out><![CDATA[Hibernate: 
    select
        u1_0.user_id,
        u1_0.deactivated_at,
        u1_0.email,
        u1_0.name,
        u1_0.registered_at 
    from
        users u1_0 
    where
        u1_0.email=?
Hibernate: 
    insert 
    into
        users
        (deactivated_at, email, name, registered_at, user_id) 
    values
        (?, ?, ?, ?, default)
Hibernate: 
    select
        u1_0.user_id,
        u1_0.deactivated_at,
        u1_0.email,
        u1_0.name,
        u1_0.registered_at 
    from
        users u1_0 
    where
        u1_0.user_id=?
Hibernate: 
    select
        u1_0.user_id,
        u1_0.deactivated_at,
        u1_0.email,
        u1_0.name,
        u1_0.registered_at 
    from
        users u1_0 
    where
        u1_0.email=?
Hibernate: 
    select
        u1_0.user_id,
        u1_0.deactivated_at,
        u1_0.email,
        u1_0.name,
        u1_0.registered_at 
    from
        users u1_0 
    where
        u1_0.user_id=?
Hibernate: 
    update
        users 
    set
        deactivated_at=?,
        email=?,
        name=?,
        registered_at=? 
    where
        user_id=?
Hibernate: 
    select
        u1_0.user_id,
        u1_0.deactivated_at,
        u1_0.email,
        u1_0.name,
        u1_0.registered_at 
    from
        users u1_0 
    where
        u1_0.user_id=?
]]></system-out>
  </testcase>
  <testcase name="createUser_ThrowsWhenEmailExists" classname="br.edu.ifba.inf008.plugins.users.infrastructure.services.UserServiceTest" time="0.003">
    <system-out><![CDATA[Hibernate: 
    select
        u1_0.user_id,
        u1_0.deactivated_at,
        u1_0.email,
        u1_0.name,
        u1_0.registered_at 
    from
        users u1_0 
    where
        u1_0.email=?
Hibernate: 
    insert 
    into
        users
        (deactivated_at, email, name, registered_at, user_id) 
    values
        (?, ?, ?, ?, default)
Hibernate: 
    select
        u1_0.user_id,
        u1_0.deactivated_at,
        u1_0.email,
        u1_0.name,
        u1_0.registered_at 
    from
        users u1_0 
    where
        u1_0.email=?
]]></system-out>
  </testcase>
</testsuite>